0 info it worked if it ends with ok
1 verbose cli [ '/usr/local/bin/node',
1 verbose cli   '/usr/local/bin/npm',
1 verbose cli   'run-script',
1 verbose cli   'start_server' ]
2 info using npm@3.10.3
3 info using node@v6.7.0
4 verbose run-script [ 'prestart_server', 'start_server', 'poststart_server' ]
5 info lifecycle apiai-webhook-sample@1.0.0~prestart_server: apiai-webhook-sample@1.0.0
6 silly lifecycle apiai-webhook-sample@1.0.0~prestart_server: no script for prestart_server, continuing
7 info lifecycle apiai-webhook-sample@1.0.0~start_server: apiai-webhook-sample@1.0.0
8 verbose lifecycle apiai-webhook-sample@1.0.0~start_server: unsafe-perm in lifecycle true
9 verbose lifecycle apiai-webhook-sample@1.0.0~start_server: PATH: /usr/local/lib/node_modules/npm/bin/node-gyp-bin:/Users/skalapa/Desktop/Sam/Sparky_API/node_modules/.bin:/usr/local/bin:/opt/local/bin:/opt/local/sbin:/usr/local/bin:/usr/bin:/bin:/usr/sbin:/sbin
10 verbose lifecycle apiai-webhook-sample@1.0.0~start_server: CWD: /Users/skalapa/Desktop/Sam/Sparky_API
11 silly lifecycle apiai-webhook-sample@1.0.0~start_server: Args: [ '-c', 'node server.js' ]
12 silly lifecycle apiai-webhook-sample@1.0.0~start_server: Returned: code: 1  signal: null
13 info lifecycle apiai-webhook-sample@1.0.0~start_server: Failed to exec start_server script
14 verbose stack Error: apiai-webhook-sample@1.0.0 start_server: `node server.js`
14 verbose stack Exit status 1
14 verbose stack     at EventEmitter.<anonymous> (/usr/local/lib/node_modules/npm/lib/utils/lifecycle.js:242:16)
14 verbose stack     at emitTwo (events.js:106:13)
14 verbose stack     at EventEmitter.emit (events.js:191:7)
14 verbose stack     at ChildProcess.<anonymous> (/usr/local/lib/node_modules/npm/lib/utils/spawn.js:40:14)
14 verbose stack     at emitTwo (events.js:106:13)
14 verbose stack     at ChildProcess.emit (events.js:191:7)
14 verbose stack     at maybeClose (internal/child_process.js:877:16)
14 verbose stack     at Process.ChildProcess._handle.onexit (internal/child_process.js:226:5)
15 verbose pkgid apiai-webhook-sample@1.0.0
16 verbose cwd /Users/skalapa/Desktop/Sam/Sparky_API
17 error Darwin 15.4.0
18 error argv "/usr/local/bin/node" "/usr/local/bin/npm" "run-script" "start_server"
19 error node v6.7.0
20 error npm  v3.10.3
21 error code ELIFECYCLE
22 error apiai-webhook-sample@1.0.0 start_server: `node server.js`
22 error Exit status 1
23 error Failed at the apiai-webhook-sample@1.0.0 start_server script 'node server.js'.
23 error Make sure you have the latest version of node.js and npm installed.
23 error If you do, this is most likely a problem with the apiai-webhook-sample package,
23 error not with npm itself.
23 error Tell the author that this fails on your system:
23 error     node server.js
23 error You can get information on how to open an issue for this project with:
23 error     npm bugs apiai-webhook-sample
23 error Or if that isn't available, you can get their info via:
23 error     npm owner ls apiai-webhook-sample
23 error There is likely additional logging output above.
24 verbose exit [ 1, true ]
